*** Using Compiler 'V5.06 update 7 (build 960)', folder: 'C:\Users\KunlunXiao\AppData\Local\Keil_v5\ARM\ARMCC\Bin'
Rebuild target 'CH32F20x'
assembling startup_ch32f20x_D8C.s...
compiling ch32f20x_crc.c...
compiling main.c...
compiling ch32f20x_adc.c...
compiling core_cm3.c...
compiling ch32f20x_it.c...
compiling ch32f20x_dbgmcu.c...
compiling ch32f20x_bkp.c...
compiling system_ch32f20x.c...
compiling ch32f20x_dac.c...
compiling debug.c...
compiling ch32f20x_can.c...
compiling ch32f20x_dma.c...
compiling ch32f20x_dvp.c...
compiling ch32f20x_exti.c...
compiling ch32f20x_fsmc.c...
compiling ch32f20x_flash.c...
compiling ch32f20x_gpio.c...
compiling ch32f20x_iwdg.c...
compiling ch32f20x_misc.c...
compiling ch32f20x_i2c.c...
compiling ch32f20x_opa.c...
compiling ch32f20x_pwr.c...
compiling ch32f20x_rng.c...
compiling ch32f20x_rcc.c...
compiling ch32f20x_rtc.c...
compiling ch32f20x_sdio.c...
compiling ch32f20x_spi.c...
compiling ch32f20x_tim.c...
compiling ch32f20x_usart.c...
compiling ch32f20x_wwdg.c...
compiling ch32f20x_usbfs_host.c...
compiling usb_host_hub.c...
User\USB_Host\usb_host_hub.c(26): error:  #147-D: declaration is incompatible with "uint8_t HUB_GetPortStatus(uint8_t, uint8_t, uint8_t, uint8_t *)"  (declared at line 55 of "User\USB_Host\usb_host_hub.h")
  uint8_t HUB_GetPortStatus( uint8_t usb_port,
User\USB_Host\usb_host_hub.c(76): error:  #147-D: declaration is incompatible with "uint8_t HUB_ClearPortFeature(uint8_t, uint8_t, uint8_t, uint8_t)"  (declared at line 56 of "User\USB_Host\usb_host_hub.h")
  uint8_t HUB_ClearPortFeature( uint8_t usb_port,
User\USB_Host\usb_host_hub.c(123): error:  #147-D: declaration is incompatible with "uint8_t HUB_SetPortFeature(uint8_t, uint8_t, uint8_t, uint8_t)"  (declared at line 57 of "User\USB_Host\usb_host_hub.h")
  uint8_t HUB_SetPortFeature( uint8_t usb_port,
User\USB_Host\usb_host_hub.c(170): error:  #147-D: declaration is incompatible with "uint8_t HUB_GetClassDevDescr(uint8_t, uint8_t, uint8_t *, uint16_t *)"  (declared at line 58 of "User\USB_Host\usb_host_hub.h")
  uint8_t HUB_GetClassDevDescr( uint8_t usb_port,
User\USB_Host\usb_host_hub.c: 0 warnings, 4 errors
compiling usb_host_hid.c...
compiling app_km.c...
compiling ch32f20x_usbhs_host.c...
User\USB_Host\ch32f20x_usbhs_host.c(1340): warning:  #1-D: last line of file ends without a newline
  }
User\USB_Host\ch32f20x_usbhs_host.c(37): warning:  #177-D: function "SetHubEndpToggle"  was declared but never referenced
  static void SetHubEndpToggle(uint8_t hub_port, uint8_t endp_num, uint8_t toggle)
User\USB_Host\ch32f20x_usbhs_host.c: 2 warnings, 0 errors
".\obj\CH32F20x.axf" - 4 Error(s), 2 Warning(s).
Target not created.
Build Time Elapsed:  00:00:02
